0 info it worked if it ends with ok
1 verbose cli [ 'C:\\Program Files (x86)\\nodejs\\node.exe',
1 verbose cli   'C:\\Users\\donya\\AppData\\Roaming\\npm\\node_modules\\npm\\bin\\npm-cli.js',
1 verbose cli   'run',
1 verbose cli   'lite' ]
2 info using npm@3.8.6
3 info using node@v4.4.2
4 verbose run-script [ 'prelite', 'lite', 'postlite' ]
5 info lifecycle product-management@1.0.0~prelite: product-management@1.0.0
6 silly lifecycle product-management@1.0.0~prelite: no script for prelite, continuing
7 info lifecycle product-management@1.0.0~lite: product-management@1.0.0
8 verbose lifecycle product-management@1.0.0~lite: unsafe-perm in lifecycle true
9 verbose lifecycle product-management@1.0.0~lite: PATH: C:\Users\donya\AppData\Roaming\npm\node_modules\npm\bin\node-gyp-bin;c:\TypeScript-Dev\Angular-Typescript\APM\node_modules\.bin;C:\Program Files (x86)\nodejs;C:\Users\donya\AppData\Roaming\npm\node_modules\npm\bin\node-gyp-bin;c:\TypeScript-Dev\Angular-Typescript\APM\node_modules\.bin;C:\Program Files (x86)\nodejs;C:\Program Files (x86)\Intel\iCLS Client\;C:\Program Files\Intel\iCLS Client\;C:\WINDOWS\system32;C:\WINDOWS;C:\WINDOWS\System32\Wbem;C:\WINDOWS\System32\WindowsPowerShell\v1.0\;C:\Program Files (x86)\Intel\Intel(R) Management Engine Components\DAL;C:\Program Files\Intel\Intel(R) Management Engine Components\DAL;C:\Program Files (x86)\Intel\Intel(R) Management Engine Components\IPT;C:\Program Files\Intel\Intel(R) Management Engine Components\IPT;C:\Program Files\Intel\IntelSGXPSW\bin\x64\Release\;C:\Program Files\Intel\IntelSGXPSW\bin\win32\Release\;c:\Program Files\Intel\WiFi\bin\;c:\Program Files\Common Files\Intel\WirelessCommon\;C:\Program Files (x86)\LINQPad5;C:\Program Files\Microsoft SQL Server\120\Tools\Binn\;C:\Program Files\Microsoft SQL Server\Client SDK\ODBC\110\Tools\Binn\;C:\Program Files (x86)\Microsoft SQL Server\120\Tools\Binn\ManagementStudio\;C:\Program Files (x86)\Microsoft SQL Server\120\Tools\Binn\;C:\Program Files (x86)\Microsoft SQL Server\120\DTS\Binn\;C:\Program Files\Microsoft SQL Server\120\DTS\Binn\;C:\Program Files (x86)\nodejs\;C:\Program Files\Microsoft SQL Server\130\Tools\Binn\;C:\Program Files (x86)\Windows Kits\10\Windows Performance Toolkit\;C:\Program Files\dotnet\;C:\Program Files\Microsoft\Web Platform Installer\;C:\Program Files\Git\cmd;C:\Program Files (x86)\Microsoft VS Code\bin;C:\Users\donya\AppData\Roaming\npm
10 verbose lifecycle product-management@1.0.0~lite: CWD: c:\TypeScript-Dev\Angular-Typescript\APM
11 silly lifecycle product-management@1.0.0~lite: Args: [ '/d /s /c', 'lite-server' ]
12 silly lifecycle product-management@1.0.0~lite: Returned: code: 3  signal: null
13 info lifecycle product-management@1.0.0~lite: Failed to exec lite script
14 verbose stack Error: product-management@1.0.0 lite: `lite-server`
14 verbose stack Exit status 3
14 verbose stack     at EventEmitter.<anonymous> (C:\Users\donya\AppData\Roaming\npm\node_modules\npm\lib\utils\lifecycle.js:239:16)
14 verbose stack     at emitTwo (events.js:87:13)
14 verbose stack     at EventEmitter.emit (events.js:172:7)
14 verbose stack     at ChildProcess.<anonymous> (C:\Users\donya\AppData\Roaming\npm\node_modules\npm\lib\utils\spawn.js:24:14)
14 verbose stack     at emitTwo (events.js:87:13)
14 verbose stack     at ChildProcess.emit (events.js:172:7)
14 verbose stack     at maybeClose (internal/child_process.js:827:16)
14 verbose stack     at Process.ChildProcess._handle.onexit (internal/child_process.js:211:5)
15 verbose pkgid product-management@1.0.0
16 verbose cwd c:\TypeScript-Dev\Angular-Typescript\APM
17 error Windows_NT 10.0.10586
18 error argv "C:\\Program Files (x86)\\nodejs\\node.exe" "C:\\Users\\donya\\AppData\\Roaming\\npm\\node_modules\\npm\\bin\\npm-cli.js" "run" "lite"
19 error node v4.4.2
20 error npm  v3.8.6
21 error code ELIFECYCLE
22 error product-management@1.0.0 lite: `lite-server`
22 error Exit status 3
23 error Failed at the product-management@1.0.0 lite script 'lite-server'.
23 error Make sure you have the latest version of node.js and npm installed.
23 error If you do, this is most likely a problem with the product-management package,
23 error not with npm itself.
23 error Tell the author that this fails on your system:
23 error     lite-server
23 error You can get information on how to open an issue for this project with:
23 error     npm bugs product-management
23 error Or if that isn't available, you can get their info via:
23 error     npm owner ls product-management
23 error There is likely additional logging output above.
24 verbose exit [ 1, true ]
